<?xml version="1.0" encoding="UTF-8"?>
<testsuite xmlns:xsi="http://www.w3.org/2001/XMLSchema-instance" xsi:noNamespaceSchemaLocation="https://maven.apache.org/surefire/maven-surefire-plugin/xsd/surefire-test-report-3.0.xsd" version="3.0" name="TestSuite" time="120.537" tests="5" errors="0" skipped="0" failures="0">
  <properties>
[...]
</properties>
  <testcase name="runScenario[&quot;Verify that the user able to login with valid credentials&quot;, &quot;Test login functionality&quot;](2)" classname="testRunners.TestRunner" time="66.33">
    <system-out><![CDATA[
@Demo
Scenario: Verify that the user able to login with valid credentials # src/test/java/features/Login.feature:4

@Demo
Scenario: Verify that the user able to login with valid     # src/test/java/features/Login.feature:10
Invalid data format in Excel row.
  When User enter valid username and password in login form         # stepDefinitions.Login.LoginSteps.userEnterValidUsernameAndPasswordInLoginForm()
Invalid data format in Excel row.
  When User enter valid username and password in login form # stepDefinitions.Login.LoginSteps.userEnterValidUsernameAndPasswordInLoginForm()
  And Clicks on Log in button                                       # stepDefinitions.Login.LoginSteps.clicksOnLogInButton()
  And Clicks on Log in button                               # stepDefinitions.Login.LoginSteps.clicksOnLogInButton()
  Then Verify that the home page is displayed               # stepDefinitions.Login.LoginSteps.verifyThatTheHomePageIsDisplayed()
  Then Verify that the home page is displayed                       # stepDefinitions.Login.LoginSteps.verifyThatTheHomePageIsDisplayed()
]]></system-out>
    <system-err><![CDATA[SLF4J(W): No SLF4J providers were found.
SLF4J(W): Defaulting to no-operation (NOP) logger implementation
SLF4J(W): See https://www.slf4j.org/codes.html#noProviders for further details.
Starting ChromeDriver 129.0.6668.100 (cf58cba358d31ce285c1970a79a9411d0fb381a5-refs/branch-heads/6668@{#1704}) on port 61829
Only local connections are allowed.
Please see https://chromedriver.chromium.org/security-considerations for suggestions on keeping ChromeDriver safe.
ChromeDriver was started successfully on port 61829.
Oct 14, 2024 11:05:55 PM org.openqa.selenium.remote.ProtocolHandshake createSession
INFO: Detected upstream dialect: W3C
Oct 14, 2024 11:05:55 PM org.openqa.selenium.devtools.CdpVersionFinder findNearestMatch
WARNING: Unable to find an exact match for CDP version 129, so returning the closest version found: a no-op implementation
Oct 14, 2024 11:05:55 PM org.openqa.selenium.devtools.CdpVersionFinder findNearestMatch
INFO: Unable to find CDP implementation matching 129.
Oct 14, 2024 11:05:55 PM org.openqa.selenium.chromium.ChromiumDriver lambda$new$3
WARNING: Unable to find version of CDP to use for . You may need to include a dependency on a specific version of the CDP using something similar to `org.seleniumhq.selenium:selenium-devtools-v86:4.5.0` where the version ("v86") matches the version of the chromium-based browser you're using and the version number of the artifact is the same as Selenium's.
Starting ChromeDriver 129.0.6668.100 (cf58cba358d31ce285c1970a79a9411d0fb381a5-refs/branch-heads/6668@{#1704}) on port 59716
Only local connections are allowed.
Please see https://chromedriver.chromium.org/security-considerations for suggestions on keeping ChromeDriver safe.
ChromeDriver was started successfully on port 59716.
Oct 14, 2024 11:05:59 PM org.openqa.selenium.remote.ProtocolHandshake createSession
INFO: Detected upstream dialect: W3C
Oct 14, 2024 11:05:59 PM org.openqa.selenium.devtools.CdpVersionFinder findNearestMatch
WARNING: Unable to find an exact match for CDP version 129, so returning the closest version found: a no-op implementation
Oct 14, 2024 11:05:59 PM org.openqa.selenium.devtools.CdpVersionFinder findNearestMatch
INFO: Unable to find CDP implementation matching 129.
Oct 14, 2024 11:05:59 PM org.openqa.selenium.chromium.ChromiumDriver lambda$new$3
WARNING: Unable to find version of CDP to use for . You may need to include a dependency on a specific version of the CDP using something similar to `org.seleniumhq.selenium:selenium-devtools-v86:4.5.0` where the version ("v86") matches the version of the chromium-based browser you're using and the version number of the artifact is the same as Selenium's.
]]></system-err>
  </testcase>
  <testcase name="runScenario[&quot;Verify that the user able to login with valid&quot;, &quot;Test login functionality&quot;](2)" classname="testRunners.TestRunner" time="66.33"/>
  <testcase name="runScenario[&quot;Verify that the user able to login&quot;, &quot;Test login functionality&quot;](3)" classname="testRunners.TestRunner" time="24.8">
    <system-out><![CDATA[
@Demo
Scenario: Verify that the user able to login with           # src/test/java/features/Login.feature:16

@Demo
Scenario: Verify that the user able to login                # src/test/java/features/Login.feature:22
Invalid data format in Excel row.
  When User enter valid username and password in login form # stepDefinitions.Login.LoginSteps.userEnterValidUsernameAndPasswordInLoginForm()
  And Clicks on Log in button                               # stepDefinitions.Login.LoginSteps.clicksOnLogInButton()
Invalid data format in Excel row.
  When User enter valid username and password in login form # stepDefinitions.Login.LoginSteps.userEnterValidUsernameAndPasswordInLoginForm()
  Then Verify that the home page is displayed               # stepDefinitions.Login.LoginSteps.verifyThatTheHomePageIsDisplayed()
]]></system-out>
    <system-err><![CDATA[SSttaarrttiinngg  CChhrroommeeDDrriivveerr  112299..00..6666668.81.01000  (c(cff58c58bacb3a5385d38d13c1ec2e82855c1c917970a07a799aa94941111d0d0ffb3b3881a15a5-r-erfefss//brbranacnhch-h-heaedads/s6/666686@8@{#{1#7170404})})  onon p oprto rt5 55893713
O7n
lOy nllyo calloca lco nconencnetctiiononss  araere a llalolweowd.ed.
P
lePalesaes see e sehet thpts:tp//s:c/h/rocmhreodmrievdreriv.ecrh.rcohmrioumm.ioumr.g/orsegc/surecituyr-itcoy-nscoidnesriadteriaotniso fnosr  fsour ggseugsgteiosntis oonns  koen epkeinepgi Cnhgr ComhreoDrmievDerr ivseafre .sa
fe.
CChrhormeoDmreiDvreirv ewra sw asst asrttaerdt esdu ccseusscfculelsys founll yp oonr tp or5t9 51538737..

Oct 14, 2024 11:06:32 PM org.openqa.selenium.remote.ProtocolHandshake createSession
INFO: Detected upstream dialect: W3C
Oct 14, 2024 11:06:32 PM org.openqa.selenium.devtools.CdpVersionFinder findNearestMatch
WARNING: Unable to find an exact match for CDP version 129, so returning the closest version found: a no-op implementation
Oct 14, 2024 11:06:32 PM org.openqa.selenium.devtools.CdpVersionFinder findNearestMatch
INFO: Unable to find CDP implementation matching 129.
Oct 14, 2024 11:06:32 PM org.openqa.selenium.chromium.ChromiumDriver lambda$new$3
WARNING: Unable to find version of CDP to use for . You may need to include a dependency on a specific version of the CDP using something similar to `org.seleniumhq.selenium:selenium-devtools-v86:4.5.0` where the version ("v86") matches the version of the chromium-based browser you're using and the version number of the artifact is the same as Selenium's.
Oct 14, 2024 11:06:32 PM org.openqa.selenium.remote.ProtocolHandshake createSession
INFO: Detected upstream dialect: W3C
Oct 14, 2024 11:06:32 PM org.openqa.selenium.devtools.CdpVersionFinder findNearestMatch
WARNING: Unable to find an exact match for CDP version 129, so returning the closest version found: a no-op implementation
Oct 14, 2024 11:06:32 PM org.openqa.selenium.devtools.CdpVersionFinder findNearestMatch
INFO: Unable to find CDP implementation matching 129.
Oct 14, 2024 11:06:32 PM org.openqa.selenium.chromium.ChromiumDriver lambda$new$3
WARNING: Unable to find version of CDP to use for . You may need to include a dependency on a specific version of the CDP using something similar to `org.seleniumhq.selenium:selenium-devtools-v86:4.5.0` where the version ("v86") matches the version of the chromium-based browser you're using and the version number of the artifact is the same as Selenium's.
]]></system-err>
  </testcase>
  <testcase name="runScenario[&quot;Verify that the user able to login with&quot;, &quot;Test login functionality&quot;](4)" classname="testRunners.TestRunner" time="8.266">
    <system-out><![CDATA[
@Demo
Scenario: Verify that user able to login                    # src/test/java/features/Login.feature:28
  And Clicks on Log in button                               # stepDefinitions.Login.LoginSteps.clicksOnLogInButton()
  Then Verify that the home page is displayed               # stepDefinitions.Login.LoginSteps.verifyThatTheHomePageIsDisplayed()
]]></system-out>
    <system-err><![CDATA[Starting ChromeDriver 129.0.6668.100 (cf58cba358d31ce285c1970a79a9411d0fb381a5-refs/branch-heads/6668@{#1704}) on port 60651
Only local connections are allowed.
Please see https://chromedriver.chromium.org/security-considerations for suggestions on keeping ChromeDriver safe.
ChromeDriver was started successfully on port 60651.
Oct 14, 2024 11:06:57 PM org.openqa.selenium.remote.ProtocolHandshake createSession
INFO: Detected upstream dialect: W3C
Oct 14, 2024 11:06:57 PM org.openqa.selenium.devtools.CdpVersionFinder findNearestMatch
WARNING: Unable to find an exact match for CDP version 129, so returning the closest version found: a no-op implementation
Oct 14, 2024 11:06:57 PM org.openqa.selenium.devtools.CdpVersionFinder findNearestMatch
INFO: Unable to find CDP implementation matching 129.
Oct 14, 2024 11:06:57 PM org.openqa.selenium.chromium.ChromiumDriver lambda$new$3
WARNING: Unable to find version of CDP to use for . You may need to include a dependency on a specific version of the CDP using something similar to `org.seleniumhq.selenium:selenium-devtools-v86:4.5.0` where the version ("v86") matches the version of the chromium-based browser you're using and the version number of the artifact is the same as Selenium's.
]]></system-err>
  </testcase>
  <testcase name="runScenario[&quot;Verify that user able to login&quot;, &quot;Test login functionality&quot;](5)" classname="testRunners.TestRunner" time="27.838">
    <system-out><![CDATA[Invalid data format in Excel row.
  When User enter valid username and password in login form # stepDefinitions.Login.LoginSteps.userEnterValidUsernameAndPasswordInLoginForm()
  And Clicks on Log in button                               # stepDefinitions.Login.LoginSteps.clicksOnLogInButton()
  Then Verify that the home page is displayed               # stepDefinitions.Login.LoginSteps.verifyThatTheHomePageIsDisplayed()
]]></system-out>
  </testcase>
</testsuite>